<testsuite errors="0" failures="0" name="Django Project Tests" skips="0" tests="13" time="0.161"><testcase classname="models.tests.test_terminal.TestTerminal" name="test_instance" time="0.000321" /><testcase classname="models.tests.test_terminal.TestTerminal" name="test_saving_on_db" time="0.000267" /><testcase classname="controllers.tests.test_user.UserControllerTest" name="test_buscar_linha_page" time="0.024410" /><testcase classname="controllers.tests.test_user.UserControllerTest" name="test_change_password" time="0.003982" /><testcase classname="controllers.tests.test_user.UserControllerTest" name="test_change_password_page" time="0.001208" /><testcase classname="controllers.tests.test_user.UserControllerTest" name="test_change_userdate" time="0.001088" /><testcase classname="controllers.tests.test_user.UserControllerTest" name="test_deactivate_account_page" time="0.000980" /><testcase classname="controllers.tests.test_user.UserControllerTest" name="test_loged_user" time="0.011580" /><testcase classname="controllers.tests.test_user.UserControllerTest" name="test_logout_user" time="0.004383" /><testcase classname="controllers.tests.test_user.UserControllerTest" name="test_register_user_page" time="0.004132" /><testcase classname="controllers.tests.test_user.UserControllerTest" name="test_register_user_success_db" time="0.053384" /><testcase classname="controllers.tests.test_user.UserControllerTest" name="test_register_user_success_status_code" time="0.052755" /><testcase classname="controllers.tests.test_user.UserControllerTest" name="test_user_account" time="0.001139" /></testsuite>